# JRE version: Java(TM) SE Runtime Environment (11.0.5+10) (build 11.0.5+10-LTS)
# Java VM: Java HotSpot(TM) 64-Bit Server VM (11.0.5+10-LTS, mixed mode, tiered, compressed oops, g1 gc, windows-amd64)
Heap:
 garbage-first heap   total 131072K, used 71440K [0x00000000e0000000, 0x0000000100000000)
  region size 1024K, 54 young (55296K), 8 survivors (8192K)
 Metaspace       used 32514K, capacity 33738K, committed 33792K, reserved 1079296K
  class space    used 3829K, capacity 4349K, committed 4352K, reserved 1048576K
GC Heap History (10 events):
Event: 2.215 GC heap before
{Heap before GC invocations=1 (full 0):
 garbage-first heap   total 131072K, used 80317K [0x00000000e0000000, 0x0000000100000000)
  region size 1024K, 76 young (77824K), 2 survivors (2048K)
 Metaspace       used 16199K, capacity 16570K, committed 16768K, reserved 1064960K
  class space    used 1676K, capacity 1809K, committed 1920K, reserved 1048576K
}
Event: 2.271 GC heap after
{Heap after GC invocations=2 (full 0):
 garbage-first heap   total 131072K, used 6429K [0x00000000e0000000, 0x0000000100000000)
  region size 1024K, 4 young (4096K), 4 survivors (4096K)
 Metaspace       used 16199K, capacity 16570K, committed 16768K, reserved 1064960K
  class space    used 1676K, capacity 1809K, committed 1920K, reserved 1048576K
}
Event: 2.818 GC heap before
{Heap before GC invocations=2 (full 0):
 garbage-first heap   total 131072K, used 80157K [0x00000000e0000000, 0x0000000100000000)
  region size 1024K, 76 young (77824K), 4 survivors (4096K)
 Metaspace       used 17314K, capacity 17734K, committed 17792K, reserved 1064960K
  class space    used 1756K, capacity 1889K, committed 1920K, reserved 1048576K
}
Event: 2.824 GC heap after
{Heap after GC invocations=3 (full 0):
 garbage-first heap   total 131072K, used 7126K [0x00000000e0000000, 0x0000000100000000)
  region size 1024K, 5 young (5120K), 5 survivors (5120K)
 Metaspace       used 17314K, capacity 17734K, committed 17792K, reserved 1064960K
  class space    used 1756K, capacity 1889K, committed 1920K, reserved 1048576K
}
Event: 3.578 GC heap before
{Heap before GC invocations=3 (full 0):
 garbage-first heap   total 131072K, used 57302K [0x00000000e0000000, 0x0000000100000000)
  region size 1024K, 56 young (57344K), 5 survivors (5120K)
 Metaspace       used 20406K, capacity 21064K, committed 21248K, reserved 1069056K
  class space    used 2157K, capacity 2437K, committed 2560K, reserved 1048576K
}
Event: 3.587 GC heap after
{Heap after GC invocations=4 (full 0):
 garbage-first heap   total 131072K, used 8469K [0x00000000e0000000, 0x0000000100000000)
  region size 1024K, 6 young (6144K), 6 survivors (6144K)
 Metaspace       used 20406K, capacity 21064K, committed 21248K, reserved 1069056K
  class space    used 2157K, capacity 2437K, committed 2560K, reserved 1048576K
}
Event: 4.286 GC heap before
{Heap before GC invocations=5 (full 0):
 garbage-first heap   total 131072K, used 84245K [0x00000000e0000000, 0x0000000100000000)
  region size 1024K, 76 young (77824K), 6 survivors (6144K)
 Metaspace       used 24347K, capacity 25183K, committed 25344K, reserved 1071104K
  class space    used 2712K, capacity 3070K, committed 3072K, reserved 1048576K
}
Event: 4.293 GC heap after
{Heap after GC invocations=6 (full 0):
 garbage-first heap   total 131072K, used 13433K [0x00000000e0000000, 0x0000000100000000)
  region size 1024K, 5 young (5120K), 5 survivors (5120K)
 Metaspace       used 24347K, capacity 25183K, committed 25344K, reserved 1071104K
  class space    used 2712K, capacity 3070K, committed 3072K, reserved 1048576K
}
Event: 5.239 GC heap before
{Heap before GC invocations=6 (full 0):
 garbage-first heap   total 131072K, used 86137K [0x00000000e0000000, 0x0000000100000000)
  region size 1024K, 76 young (77824K), 5 survivors (5120K)
 Metaspace       used 28958K, capacity 29881K, committed 30080K, reserved 1075200K
  class space    used 3314K, capacity 3697K, committed 3712K, reserved 1048576K
}
Event: 5.247 GC heap after
{Heap after GC invocations=7 (full 0):
 garbage-first heap   total 131072K, used 16144K [0x00000000e0000000, 0x0000000100000000)
  region size 1024K, 8 young (8192K), 8 survivors (8192K)
 Metaspace       used 28958K, capacity 29881K, committed 30080K, reserved 1075200K
  class space    used 3314K, capacity 3697K, committed 3712K, reserved 1048576K
}

